<?xml version="1.0" encoding="UTF-8"?>
<!-- Generated by org.testng.reporters.JUnitReportReporter -->
<testsuite hostname="selvapathy-PC" failures="0" tests="2" name="com.tradeviv.build.CategoryTest" time="30.150" errors="0" timestamp="2021-08-12T09:29:24 IST" skipped="0">
  <testcase classname="com.tradeviv.build.CategoryTest" name="cTest" time="19.137"/>
  <system-out/>
  <testcase classname="com.tradeviv.build.CategoryTest" name="ac" time="11.013"/>
  <system-out/>
</testsuite> <!-- com.tradeviv.build.CategoryTest -->
