<?xml version="1.0" encoding="UTF-8"?>
<!-- Generated by org.testng.reporters.JUnitReportReporter -->
<testsuite hostname="selvapathy-PC" failures="0" tests="4" name="com.tradeviv.build.userStorySeven" time="78.304" errors="0" timestamp="2021-08-12T09:44:39 IST" skipped="0">
  <testcase classname="com.tradeviv.build.userStorySeven" name="userStory_07" time="14.068"/>
  <system-out/>
  <testcase classname="com.tradeviv.build.userStorySeven" name="userStory_08" time="5.377"/>
  <system-out/>
  <testcase classname="com.tradeviv.build.userStorySeven" name="userStory_09" time="49.548"/>
  <system-out/>
  <testcase classname="com.tradeviv.build.userStorySeven" name="baseTest" time="9.311"/>
  <system-out/>
</testsuite> <!-- com.tradeviv.build.userStorySeven -->
