<?xml version="1.0" encoding="UTF-8"?>
<!-- Generated by org.testng.reporters.JUnitReportReporter -->
<testsuite hostname="selvapathy-PC" failures="0" tests="2" name="com.tradeviv.build.EditTest" time="61.060" errors="0" timestamp="2021-08-10T15:32:32 IST" skipped="0">
  <testcase classname="com.tradeviv.build.EditTest" name="edit" time="9.398"/>
  <system-out/>
  <testcase classname="com.tradeviv.build.EditTest" name="editing" time="51.662"/>
  <system-out/>
</testsuite> <!-- com.tradeviv.build.EditTest -->
