<?xml version="1.0" encoding="UTF-8"?>
<!-- Generated by org.testng.reporters.JUnitReportReporter -->
<testsuite hostname="selvapathy-PC" failures="0" tests="2" name="com.tradeviv.build.TradevivTest" time="16.115" errors="0" timestamp="2021-08-07T20:08:57 IST" skipped="0">
  <testcase classname="com.tradeviv.build.TradevivTest" name="us" time="6.915"/>
  <system-out/>
  <testcase classname="com.tradeviv.build.TradevivTest" name="baseTest" time="9.200"/>
  <system-out/>
</testsuite> <!-- com.tradeviv.build.TradevivTest -->
