<?xml version="1.0" encoding="UTF-8"?>
<!-- Generated by org.testng.reporters.JUnitReportReporter -->
<testsuite hostname="selvapathy-PC" failures="0" tests="2" name="com.tradeviv.build.UserStoryEight" time="24.142" errors="0" timestamp="2021-08-11T16:31:19 IST" skipped="0">
  <testcase classname="com.tradeviv.build.UserStoryEight" name="base" time="10.388"/>
  <system-out/>
  <testcase classname="com.tradeviv.build.UserStoryEight" name="us" time="13.754"/>
  <system-out/>
</testsuite> <!-- com.tradeviv.build.UserStoryEight -->
