<?xml version="1.0" encoding="UTF-8"?>
<!-- Generated by org.testng.reporters.JUnitReportReporter -->
<testsuite hostname="selvapathy-PC" failures="0" tests="1" name="sample.cucumbersample.SathyaTest" time="41.258" errors="0" timestamp="2021-07-09T18:28:43 IST" skipped="0">
  <testcase classname="sample.cucumbersample.SathyaTest" name="Test" time="41.258"/>
  <system-out/>
</testsuite> <!-- sample.cucumbersample.SathyaTest -->
